<?xml version="1.0" encoding="UTF-8"?>
<!-- Generated by org.testng.reporters.JUnitXMLReporter -->
<testsuite hostname="DESKTOP-MTSJH43" name="Default test" tests="3" failures="0" timestamp="17 Nov 2016 09:44:16 GMT" time="0.052" errors="0">
  <testcase name="verifyUser" time="0.01" classname="testNGstudy.TestNGstudy"/>
  <testcase name="verifyUser" time="0.003" classname="testNGstudy.TestNGstudy"/>
  <testcase name="verifyUser" time="0.003" classname="testNGstudy.TestNGstudy"/>
</testsuite> <!-- Default test -->
