<?xml version="1.0" encoding="UTF-8"?>
<testng-results skipped="0" failed="0" total="3" passed="3">
  <reporter-output>
  </reporter-output>
  <suite name="Default suite" duration-ms="52" started-at="2016-11-17T09:44:16Z" finished-at="2016-11-17T09:44:16Z">
    <groups>
    </groups>
    <test name="Default test" duration-ms="52" started-at="2016-11-17T09:44:16Z" finished-at="2016-11-17T09:44:16Z">
      <class name="testNGstudy.TestNGstudy">
        <test-method status="PASS" signature="verifyUser(java.lang.String, java.lang.String)[pri:0, instance:testNGstudy.TestNGstudy@17edba4a]" name="verifyUser" duration-ms="10" started-at="2016-11-17T17:44:16Z" data-provider="user" finished-at="2016-11-17T17:44:16Z">
          <params>
            <param index="0">
              <value>
                <![CDATA[root]]>
              </value>
            </param>
            <param index="1">
              <value>
                <![CDATA[passowrd]]>
              </value>
            </param>
          </params>
          <reporter-output>
          </reporter-output>
        </test-method> <!-- verifyUser -->
        <test-method status="PASS" signature="verifyUser(java.lang.String, java.lang.String)[pri:0, instance:testNGstudy.TestNGstudy@17edba4a]" name="verifyUser" duration-ms="3" started-at="2016-11-17T17:44:16Z" data-provider="user" finished-at="2016-11-17T17:44:16Z">
          <params>
            <param index="0">
              <value>
                <![CDATA[cnblogs]]>
              </value>
            </param>
            <param index="1">
              <value>
                <![CDATA[tankxiao]]>
              </value>
            </param>
          </params>
          <reporter-output>
          </reporter-output>
        </test-method> <!-- verifyUser -->
        <test-method status="PASS" signature="verifyUser(java.lang.String, java.lang.String)[pri:0, instance:testNGstudy.TestNGstudy@17edba4a]" name="verifyUser" duration-ms="3" started-at="2016-11-17T17:44:16Z" data-provider="user" finished-at="2016-11-17T17:44:16Z">
          <params>
            <param index="0">
              <value>
                <![CDATA[tank]]>
              </value>
            </param>
            <param index="1">
              <value>
                <![CDATA[xiao]]>
              </value>
            </param>
          </params>
          <reporter-output>
          </reporter-output>
        </test-method> <!-- verifyUser -->
      </class> <!-- testNGstudy.TestNGstudy -->
    </test> <!-- Default test -->
  </suite> <!-- Default suite -->
</testng-results>
